


Started GET "/" for 127.0.0.1 at 2015-03-06 09:36:04 -0500
  [1m[36mActiveRecord::SchemaMigration Load (0.1ms)[0m  [1mSELECT "schema_migrations".* FROM "schema_migrations"[0m
Processing by ProjectsController#index as HTML
  [1m[35m (0.1ms)[0m  SELECT COUNT(*) FROM "projects"
  [1m[36mProject Load (0.1ms)[0m  [1mSELECT "projects".* FROM "projects"[0m
  Rendered projects/index.html.erb within layouts/application (3.2ms)
Completed 200 OK in 132ms (Views: 121.0ms | ActiveRecord: 0.3ms)


Started GET "/assets/application-3f4b7f7ab17a88990001e42eda5ea561.css?body=1" for 127.0.0.1 at 2015-03-06 09:36:05 -0500


Started GET "/assets/jquery-87424c3c19e96d4fb033c10ebe21ec40.js?body=1" for 127.0.0.1 at 2015-03-06 09:36:05 -0500


Started GET "/assets/jquery_ujs-e27bd20a10d28155845a22d71ef94f2f.js?body=1" for 127.0.0.1 at 2015-03-06 09:36:05 -0500


Started GET "/assets/layout-f2034beb225ca33b2bd3486575889bf6.css?body=1" for 127.0.0.1 at 2015-03-06 09:36:05 -0500


Started GET "/assets/projects-46c9a194bd0668e67d57241f94473dc8.js?body=1" for 127.0.0.1 at 2015-03-06 09:36:05 -0500


Started GET "/assets/application-5b392b6279ca7226f7d344c2c0cdbaa1.js?body=1" for 127.0.0.1 at 2015-03-06 09:36:05 -0500


Started GET "/" for 127.0.0.1 at 2015-07-20 10:30:50 -0400
  [1m[36mActiveRecord::SchemaMigration Load (0.3ms)[0m  [1mSELECT "schema_migrations".* FROM "schema_migrations"[0m
Processing by ProjectsController#index as HTML
  [1m[35m (0.3ms)[0m  SELECT COUNT(*) FROM "projects"
  [1m[36mProject Load (0.1ms)[0m  [1mSELECT "projects".* FROM "projects"[0m
  Rendered projects/index.html.erb within layouts/application (4.0ms)
Completed 200 OK in 139ms (Views: 126.5ms | ActiveRecord: 0.6ms)


Started GET "/assets/application-d17dc8fbea8a17c6f2bbcfa60b3393a6.css?body=1" for 127.0.0.1 at 2015-07-20 10:30:50 -0400


Started GET "/assets/layout-f7c347c7feaae8aaa7292313fd5c9102.css?body=1" for 127.0.0.1 at 2015-07-20 10:30:50 -0400


Started GET "/assets/jquery-87424c3c19e96d4fb033c10ebe21ec40.js?body=1" for 127.0.0.1 at 2015-07-20 10:30:50 -0400


Started GET "/assets/jquery_ujs-e27bd20a10d28155845a22d71ef94f2f.js?body=1" for 127.0.0.1 at 2015-07-20 10:30:50 -0400


Started GET "/assets/application-5b392b6279ca7226f7d344c2c0cdbaa1.js?body=1" for 127.0.0.1 at 2015-07-20 10:30:50 -0400


Started GET "/assets/projects-46c9a194bd0668e67d57241f94473dc8.js?body=1" for 127.0.0.1 at 2015-07-20 10:30:50 -0400


Started GET "/projects/new" for 127.0.0.1 at 2015-07-20 10:30:53 -0400
Processing by ProjectsController#new as HTML
  Rendered projects/_form.html.erb (14.3ms)
  Rendered projects/new.html.erb within layouts/application (19.0ms)
Completed 200 OK in 50ms (Views: 46.8ms | ActiveRecord: 0.3ms)


Started POST "/projects" for 127.0.0.1 at 2015-07-20 10:30:55 -0400
Processing by ProjectsController#create as HTML
  Parameters: {"utf8"=>"✓", "authenticity_token"=>"d0z2J3mnsPAeyfc4R07VnBohJK8hzeGmfYajIRmVtdqLUvg5lalKSrHmh8OAPsVOcmyIJcGVpDhzZfQjeeD9mA==", "project"=>{"title"=>"test"}, "commit"=>"Create Project"}
  [1m[35m (0.1ms)[0m  begin transaction
  [1m[36mSQL (0.7ms)[0m  [1mINSERT INTO "projects" ("title", "created_at", "updated_at") VALUES (?, ?, ?)[0m  [["title", "test"], ["created_at", "2015-07-20 14:30:55.578470"], ["updated_at", "2015-07-20 14:30:55.578470"]]
  [1m[35m (0.7ms)[0m  commit transaction
Redirected to http://localhost:3000/projects/11
Completed 302 Found in 6ms (ActiveRecord: 1.4ms)


Started GET "/projects/11" for 127.0.0.1 at 2015-07-20 10:30:55 -0400
Processing by ProjectsController#show as HTML
  Parameters: {"id"=>"11"}
  [1m[36mProject Load (0.2ms)[0m  [1mSELECT  "projects".* FROM "projects" WHERE "projects"."id" = ? LIMIT 1[0m  [["id", 11]]
  [1m[35mItem Exists (0.3ms)[0m  SELECT  1 AS one FROM "items" WHERE "items"."project_id" = ? LIMIT 1  [["project_id", 11]]
  [1m[36mItem Load (0.1ms)[0m  [1mSELECT "items".* FROM "items" WHERE "items"."project_id" = ?[0m  [["project_id", 11]]
  Rendered items/_index.html.erb (23.1ms)
  Rendered projects/show.html.erb within layouts/application (25.7ms)
Completed 200 OK in 56ms (Views: 49.3ms | ActiveRecord: 0.8ms)


Started GET "/projects/11/items/new" for 127.0.0.1 at 2015-07-20 10:30:56 -0400
Processing by ItemsController#new as HTML
  Parameters: {"project_id"=>"11"}
  [1m[35mProject Load (0.1ms)[0m  SELECT  "projects".* FROM "projects" WHERE "projects"."id" = ? LIMIT 1  [["id", 11]]
  Rendered items/new.html.erb within layouts/application (2.7ms)
Completed 200 OK in 40ms (Views: 31.8ms | ActiveRecord: 0.2ms)


Started POST "/projects/11/items" for 127.0.0.1 at 2015-07-20 10:30:58 -0400
Processing by ItemsController#create as HTML
  Parameters: {"utf8"=>"✓", "authenticity_token"=>"9QeVxXoJHmfcHK10zDklzrsFcg4csO0GfXTlrs/Z5KkJGZvblgfk3XMz3Y8LSTUc00jehPzoqJhzl7Ksr6ys6w==", "item"=>{"action"=>"test"}, "commit"=>"Create Item", "project_id"=>"11"}
  [1m[36mProject Load (0.1ms)[0m  [1mSELECT  "projects".* FROM "projects" WHERE "projects"."id" = ? LIMIT 1[0m  [["id", 11]]
  [1m[35m (0.1ms)[0m  begin transaction
  [1m[36mItem Exists (0.1ms)[0m  [1mSELECT  1 AS one FROM "items" WHERE ("items"."action" = 'test' AND "items"."project_id" = 11) LIMIT 1[0m
  [1m[35mSQL (0.3ms)[0m  INSERT INTO "items" ("action", "project_id", "created_at", "updated_at") VALUES (?, ?, ?, ?)  [["action", "test"], ["project_id", 11], ["created_at", "2015-07-20 14:30:58.109546"], ["updated_at", "2015-07-20 14:30:58.109546"]]
  [1m[36m (0.5ms)[0m  [1mcommit transaction[0m
Redirected to http://localhost:3000/projects/11
Completed 302 Found in 6ms (ActiveRecord: 1.1ms)


Started GET "/projects/11" for 127.0.0.1 at 2015-07-20 10:30:58 -0400
Processing by ProjectsController#show as HTML
  Parameters: {"id"=>"11"}
  [1m[35mProject Load (0.1ms)[0m  SELECT  "projects".* FROM "projects" WHERE "projects"."id" = ? LIMIT 1  [["id", 11]]
  [1m[36mItem Exists (0.1ms)[0m  [1mSELECT  1 AS one FROM "items" WHERE "items"."project_id" = ? LIMIT 1[0m  [["project_id", 11]]
  [1m[35mItem Load (0.1ms)[0m  SELECT "items".* FROM "items" WHERE "items"."project_id" = ?  [["project_id", 11]]
  Rendered items/_index.html.erb (2.1ms)
  Rendered projects/show.html.erb within layouts/application (6.5ms)
Completed 200 OK in 34ms (Views: 32.5ms | ActiveRecord: 0.3ms)


Started PATCH "/projects/11/items/6?item%5Bdone%5D=true" for 127.0.0.1 at 2015-07-20 10:30:59 -0400
Processing by ItemsController#update as HTML
  Parameters: {"authenticity_token"=>"Saql7nr0+QRaInemvvqxXVEWklb6W0zCAD/Dt7eiid+1tKvwlvoDvvUNB115iqGPOVs+3BoDCVwO3JS119fBnQ==", "item"=>{"done"=>"true"}, "project_id"=>"11", "id"=>"6"}
  [1m[36mProject Load (0.1ms)[0m  [1mSELECT  "projects".* FROM "projects" WHERE "projects"."id" = ? LIMIT 1[0m  [["id", 11]]
  [1m[35mItem Load (0.1ms)[0m  SELECT  "items".* FROM "items" WHERE "items"."project_id" = ? AND "items"."id" = ? LIMIT 1  [["project_id", 11], ["id", 6]]
  [1m[36m (0.0ms)[0m  [1mbegin transaction[0m
  [1m[35mItem Exists (0.1ms)[0m  SELECT  1 AS one FROM "items" WHERE ("items"."action" = 'test' AND "items"."id" != 6 AND "items"."project_id" = 11) LIMIT 1
  [1m[36mSQL (0.3ms)[0m  [1mUPDATE "items" SET "done" = ?, "updated_at" = ? WHERE "items"."id" = ?[0m  [["done", "t"], ["updated_at", "2015-07-20 14:30:59.359975"], ["id", 6]]
  [1m[35m (0.6ms)[0m  commit transaction
Redirected to http://localhost:3000/projects/11
Completed 302 Found in 6ms (ActiveRecord: 1.3ms)


Started GET "/projects/11" for 127.0.0.1 at 2015-07-20 10:30:59 -0400
Processing by ProjectsController#show as HTML
  Parameters: {"id"=>"11"}
  [1m[36mProject Load (0.1ms)[0m  [1mSELECT  "projects".* FROM "projects" WHERE "projects"."id" = ? LIMIT 1[0m  [["id", 11]]
  [1m[35mItem Exists (0.1ms)[0m  SELECT  1 AS one FROM "items" WHERE "items"."project_id" = ? LIMIT 1  [["project_id", 11]]
  [1m[36mItem Load (0.1ms)[0m  [1mSELECT "items".* FROM "items" WHERE "items"."project_id" = ?[0m  [["project_id", 11]]
  Rendered items/_index.html.erb (1.4ms)
  Rendered projects/show.html.erb within layouts/application (3.2ms)
Completed 200 OK in 38ms (Views: 37.4ms | ActiveRecord: 0.2ms)


Started DELETE "/projects/11/clear" for 127.0.0.1 at 2015-07-20 10:31:00 -0400
Processing by ProjectsController#clear as HTML
  Parameters: {"authenticity_token"=>"XKhKfjgu7ZzQvU1wU0Sn6SVkTH2A3wl01c/LHVZ8Yw+gtkRg1CAXJn+SPYuUNLc7TSng92CHTOrbLJwfNgkrTQ==", "id"=>"11"}
  [1m[35mProject Load (0.1ms)[0m  SELECT  "projects".* FROM "projects" WHERE "projects"."id" = ? LIMIT 1  [["id", 11]]
  [1m[36mItem Load (0.2ms)[0m  [1mSELECT "items".* FROM "items" WHERE "items"."project_id" = ? AND "items"."done" = 't'[0m  [["project_id", 11]]
  [1m[35m (0.0ms)[0m  begin transaction
  [1m[36mSQL (0.3ms)[0m  [1mDELETE FROM "items" WHERE "items"."id" = ?[0m  [["id", 6]]
  [1m[35m (0.7ms)[0m  commit transaction
Redirected to http://localhost:3000/projects/11
Completed 302 Found in 4ms (ActiveRecord: 1.3ms)


Started GET "/projects/11" for 127.0.0.1 at 2015-07-20 10:31:00 -0400
Processing by ProjectsController#show as HTML
  Parameters: {"id"=>"11"}
  [1m[36mProject Load (0.1ms)[0m  [1mSELECT  "projects".* FROM "projects" WHERE "projects"."id" = ? LIMIT 1[0m  [["id", 11]]
  [1m[35mItem Exists (0.1ms)[0m  SELECT  1 AS one FROM "items" WHERE "items"."project_id" = ? LIMIT 1  [["project_id", 11]]
  [1m[36mItem Load (0.1ms)[0m  [1mSELECT "items".* FROM "items" WHERE "items"."project_id" = ?[0m  [["project_id", 11]]
  Rendered items/_index.html.erb (1.8ms)
  Rendered projects/show.html.erb within layouts/application (4.0ms)
Completed 200 OK in 35ms (Views: 34.0ms | ActiveRecord: 0.2ms)


Started GET "/projects" for 127.0.0.1 at 2015-07-20 10:31:02 -0400
Processing by ProjectsController#index as HTML
  [1m[35m (0.1ms)[0m  SELECT COUNT(*) FROM "projects"
  [1m[36mProject Load (0.1ms)[0m  [1mSELECT "projects".* FROM "projects"[0m
  Rendered projects/index.html.erb within layouts/application (1.5ms)
Completed 200 OK in 28ms (Views: 27.3ms | ActiveRecord: 0.3ms)


Started DELETE "/projects/11" for 127.0.0.1 at 2015-07-20 10:31:05 -0400
Processing by ProjectsController#destroy as HTML
  Parameters: {"authenticity_token"=>"5c1rs80wnDa28DFLPgD8X9GDovGw45fC+xTtLuN1l9sZ02WtIT5mjBnfQbD5cOyNuc4Oe1C70lz197osgwDfmQ==", "id"=>"11"}
  [1m[35mProject Load (0.1ms)[0m  SELECT  "projects".* FROM "projects" WHERE "projects"."id" = ? LIMIT 1  [["id", 11]]
  [1m[36m (0.0ms)[0m  [1mbegin transaction[0m
  [1m[35mItem Load (0.1ms)[0m  SELECT "items".* FROM "items" WHERE "items"."project_id" = ?  [["project_id", 11]]
  [1m[36mSQL (0.3ms)[0m  [1mDELETE FROM "projects" WHERE "projects"."id" = ?[0m  [["id", 11]]
  [1m[35m (1.2ms)[0m  commit transaction
Redirected to http://localhost:3000/projects
Completed 302 Found in 4ms (ActiveRecord: 1.7ms)


Started GET "/projects" for 127.0.0.1 at 2015-07-20 10:31:05 -0400
Processing by ProjectsController#index as HTML
  [1m[36m (0.1ms)[0m  [1mSELECT COUNT(*) FROM "projects"[0m
  [1m[35mProject Load (0.1ms)[0m  SELECT "projects".* FROM "projects"
  Rendered projects/index.html.erb within layouts/application (1.0ms)
Completed 200 OK in 28ms (Views: 27.7ms | ActiveRecord: 0.2ms)


Started GET "/" for 127.0.0.1 at 2015-07-21 10:51:02 -0400
  [1m[36mActiveRecord::SchemaMigration Load (0.3ms)[0m  [1mSELECT "schema_migrations".* FROM "schema_migrations"[0m
Processing by ProjectsController#index as HTML
  [1m[35m (0.3ms)[0m  SELECT COUNT(*) FROM "projects"
  [1m[36mProject Load (0.1ms)[0m  [1mSELECT "projects".* FROM "projects"[0m
  Rendered projects/index.html.erb within layouts/application (3.5ms)
Completed 200 OK in 141ms (Views: 125.1ms | ActiveRecord: 0.5ms)


Started GET "/assets/application-04c73017e8fe2a985393c43bdd325659.css?body=1" for 127.0.0.1 at 2015-07-21 10:51:02 -0400


Started GET "/assets/layout-83cb30d0e927e00d3fb79dbe272a6203.css?body=1" for 127.0.0.1 at 2015-07-21 10:51:02 -0400


Started GET "/projects/new" for 127.0.0.1 at 2015-07-21 10:51:03 -0400
Processing by ProjectsController#new as HTML
  Rendered projects/_form.html.erb (14.3ms)
  Rendered projects/new.html.erb within layouts/application (19.6ms)
Completed 200 OK in 54ms (Views: 49.9ms | ActiveRecord: 0.2ms)


Started POST "/projects" for 127.0.0.1 at 2015-07-21 10:51:05 -0400
Processing by ProjectsController#create as HTML
  Parameters: {"utf8"=>"✓", "authenticity_token"=>"UFChRXyqxNRwl1bbNHCg3hyKt7p4YXSpBtVglk2xBm+sTq9bkKQ+bt+4JiDzALAMdMcbMJg5MTcINjeULcROLQ==", "project"=>{"title"=>"test"}, "commit"=>"Create Project"}
  [1m[35m (0.1ms)[0m  begin transaction
  [1m[36mSQL (0.6ms)[0m  [1mINSERT INTO "projects" ("title", "created_at", "updated_at") VALUES (?, ?, ?)[0m  [["title", "test"], ["created_at", "2015-07-21 14:51:05.733743"], ["updated_at", "2015-07-21 14:51:05.733743"]]
  [1m[35m (0.6ms)[0m  commit transaction
Redirected to http://localhost:3000/projects/12
Completed 302 Found in 6ms (ActiveRecord: 1.3ms)


Started GET "/projects/12" for 127.0.0.1 at 2015-07-21 10:51:05 -0400
Processing by ProjectsController#show as HTML
  Parameters: {"id"=>"12"}
  [1m[36mProject Load (0.2ms)[0m  [1mSELECT  "projects".* FROM "projects" WHERE "projects"."id" = ? LIMIT 1[0m  [["id", 12]]
  [1m[35mItem Exists (0.4ms)[0m  SELECT  1 AS one FROM "items" WHERE "items"."project_id" = ? LIMIT 1  [["project_id", 12]]
  [1m[36mItem Load (0.1ms)[0m  [1mSELECT "items".* FROM "items" WHERE "items"."project_id" = ?[0m  [["project_id", 12]]
  Rendered items/_index.html.erb (22.6ms)
  Rendered projects/show.html.erb within layouts/application (25.2ms)
Completed 200 OK in 56ms (Views: 48.0ms | ActiveRecord: 0.8ms)


Started GET "/projects/12/items/new" for 127.0.0.1 at 2015-07-21 10:51:07 -0400
Processing by ItemsController#new as HTML
  Parameters: {"project_id"=>"12"}
  [1m[35mProject Load (0.1ms)[0m  SELECT  "projects".* FROM "projects" WHERE "projects"."id" = ? LIMIT 1  [["id", 12]]
  Rendered items/new.html.erb within layouts/application (3.8ms)
Completed 200 OK in 44ms (Views: 35.2ms | ActiveRecord: 0.2ms)


Started POST "/projects/12/items" for 127.0.0.1 at 2015-07-21 10:51:09 -0400
Processing by ItemsController#create as HTML
  Parameters: {"utf8"=>"✓", "authenticity_token"=>"9CT0O01Z9qQdxMswWg0No1a1KzsTkb3yeskWE+kyCWAIOvoloVcMHrLru8udfR1xPviHsfPJ+Gx0KkERiUdBIg==", "item"=>{"action"=>"test"}, "commit"=>"Create Item", "project_id"=>"12"}
  [1m[36mProject Load (0.1ms)[0m  [1mSELECT  "projects".* FROM "projects" WHERE "projects"."id" = ? LIMIT 1[0m  [["id", 12]]
  [1m[35m (0.1ms)[0m  begin transaction
  [1m[36mItem Exists (0.1ms)[0m  [1mSELECT  1 AS one FROM "items" WHERE ("items"."action" = 'test' AND "items"."project_id" = 12) LIMIT 1[0m
  [1m[35mSQL (0.3ms)[0m  INSERT INTO "items" ("action", "project_id", "created_at", "updated_at") VALUES (?, ?, ?, ?)  [["action", "test"], ["project_id", 12], ["created_at", "2015-07-21 14:51:09.875178"], ["updated_at", "2015-07-21 14:51:09.875178"]]
  [1m[36m (0.8ms)[0m  [1mcommit transaction[0m
Redirected to http://localhost:3000/projects/12
Completed 302 Found in 5ms (ActiveRecord: 1.4ms)


Started GET "/projects/12" for 127.0.0.1 at 2015-07-21 10:51:09 -0400
Processing by ProjectsController#show as HTML
  Parameters: {"id"=>"12"}
  [1m[35mProject Load (0.1ms)[0m  SELECT  "projects".* FROM "projects" WHERE "projects"."id" = ? LIMIT 1  [["id", 12]]
  [1m[36mItem Exists (0.2ms)[0m  [1mSELECT  1 AS one FROM "items" WHERE "items"."project_id" = ? LIMIT 1[0m  [["project_id", 12]]
  [1m[35mItem Load (0.1ms)[0m  SELECT "items".* FROM "items" WHERE "items"."project_id" = ?  [["project_id", 12]]
  Rendered items/_index.html.erb (2.8ms)
  Rendered projects/show.html.erb within layouts/application (4.7ms)
Completed 200 OK in 32ms (Views: 30.6ms | ActiveRecord: 0.3ms)


Started PATCH "/projects/12/items/7?item%5Bdone%5D=true" for 127.0.0.1 at 2015-07-21 10:51:11 -0400
Processing by ItemsController#update as HTML
  Parameters: {"authenticity_token"=>"hnU1ce79lOqmN5wow0HmdSoGiy6ICkh2RQIwoPCgKC16aztvAvNuUAkY7NMEMfanQksnpGhSDehL4WeikNVgbw==", "item"=>{"done"=>"true"}, "project_id"=>"12", "id"=>"7"}
  [1m[36mProject Load (0.1ms)[0m  [1mSELECT  "projects".* FROM "projects" WHERE "projects"."id" = ? LIMIT 1[0m  [["id", 12]]
  [1m[35mItem Load (0.1ms)[0m  SELECT  "items".* FROM "items" WHERE "items"."project_id" = ? AND "items"."id" = ? LIMIT 1  [["project_id", 12], ["id", 7]]
  [1m[36m (0.0ms)[0m  [1mbegin transaction[0m
  [1m[35mItem Exists (0.1ms)[0m  SELECT  1 AS one FROM "items" WHERE ("items"."action" = 'test' AND "items"."id" != 7 AND "items"."project_id" = 12) LIMIT 1
  [1m[36mSQL (0.3ms)[0m  [1mUPDATE "items" SET "done" = ?, "updated_at" = ? WHERE "items"."id" = ?[0m  [["done", "t"], ["updated_at", "2015-07-21 14:51:11.520047"], ["id", 7]]
  [1m[35m (0.8ms)[0m  commit transaction
Redirected to http://localhost:3000/projects/12
Completed 302 Found in 6ms (ActiveRecord: 1.4ms)


Started GET "/projects/12" for 127.0.0.1 at 2015-07-21 10:51:11 -0400
Processing by ProjectsController#show as HTML
  Parameters: {"id"=>"12"}
  [1m[36mProject Load (0.1ms)[0m  [1mSELECT  "projects".* FROM "projects" WHERE "projects"."id" = ? LIMIT 1[0m  [["id", 12]]
  [1m[35mItem Exists (0.1ms)[0m  SELECT  1 AS one FROM "items" WHERE "items"."project_id" = ? LIMIT 1  [["project_id", 12]]
  [1m[36mItem Load (0.1ms)[0m  [1mSELECT "items".* FROM "items" WHERE "items"."project_id" = ?[0m  [["project_id", 12]]
  Rendered items/_index.html.erb (1.6ms)
  Rendered projects/show.html.erb within layouts/application (3.9ms)
Completed 200 OK in 34ms (Views: 33.5ms | ActiveRecord: 0.2ms)


Started DELETE "/projects/12/clear" for 127.0.0.1 at 2015-07-21 10:51:12 -0400
Processing by ProjectsController#clear as HTML
  Parameters: {"authenticity_token"=>"r5V8tJMyV1ZkL6VsRLtI4Noby24WDEBkpnzQwRh4qMNTi3Kqfzyt7MsA1ZeDy1gyslZn5PZUBfqon4fDeA3ggQ==", "id"=>"12"}
  [1m[35mProject Load (0.2ms)[0m  SELECT  "projects".* FROM "projects" WHERE "projects"."id" = ? LIMIT 1  [["id", 12]]
  [1m[36mItem Load (0.1ms)[0m  [1mSELECT "items".* FROM "items" WHERE "items"."project_id" = ? AND "items"."done" = 't'[0m  [["project_id", 12]]
  [1m[35m (0.0ms)[0m  begin transaction
  [1m[36mSQL (0.3ms)[0m  [1mDELETE FROM "items" WHERE "items"."id" = ?[0m  [["id", 7]]
  [1m[35m (0.6ms)[0m  commit transaction
Redirected to http://localhost:3000/projects/12
Completed 302 Found in 5ms (ActiveRecord: 1.3ms)


Started GET "/projects/12" for 127.0.0.1 at 2015-07-21 10:51:12 -0400
Processing by ProjectsController#show as HTML
  Parameters: {"id"=>"12"}
  [1m[36mProject Load (0.1ms)[0m  [1mSELECT  "projects".* FROM "projects" WHERE "projects"."id" = ? LIMIT 1[0m  [["id", 12]]
  [1m[35mItem Exists (0.1ms)[0m  SELECT  1 AS one FROM "items" WHERE "items"."project_id" = ? LIMIT 1  [["project_id", 12]]
  [1m[36mItem Load (0.1ms)[0m  [1mSELECT "items".* FROM "items" WHERE "items"."project_id" = ?[0m  [["project_id", 12]]
  Rendered items/_index.html.erb (1.4ms)
  Rendered projects/show.html.erb within layouts/application (3.2ms)
Completed 200 OK in 32ms (Views: 31.3ms | ActiveRecord: 0.2ms)


Started GET "/projects" for 127.0.0.1 at 2015-07-21 10:51:13 -0400
Processing by ProjectsController#index as HTML
  [1m[35m (0.1ms)[0m  SELECT COUNT(*) FROM "projects"
  [1m[36mProject Load (0.1ms)[0m  [1mSELECT "projects".* FROM "projects"[0m
  Rendered projects/index.html.erb within layouts/application (1.4ms)
Completed 200 OK in 30ms (Views: 29.5ms | ActiveRecord: 0.2ms)


Started DELETE "/projects/12" for 127.0.0.1 at 2015-07-21 10:51:16 -0400
Processing by ProjectsController#destroy as HTML
  Parameters: {"authenticity_token"=>"rW4OHm1025thhYw2DQpP2r8TZkoVNrqzkbZKjzzmrmxRcAAAgXohIc6q/M3Kel8I117KwPVu/y2fVR2NXJPmLg==", "id"=>"12"}
  [1m[35mProject Load (0.1ms)[0m  SELECT  "projects".* FROM "projects" WHERE "projects"."id" = ? LIMIT 1  [["id", 12]]
  [1m[36m (0.0ms)[0m  [1mbegin transaction[0m
  [1m[35mItem Load (0.1ms)[0m  SELECT "items".* FROM "items" WHERE "items"."project_id" = ?  [["project_id", 12]]
  [1m[36mSQL (0.3ms)[0m  [1mDELETE FROM "projects" WHERE "projects"."id" = ?[0m  [["id", 12]]
  [1m[35m (0.6ms)[0m  commit transaction
Redirected to http://localhost:3000/projects
Completed 302 Found in 4ms (ActiveRecord: 1.1ms)


Started GET "/projects" for 127.0.0.1 at 2015-07-21 10:51:16 -0400
Processing by ProjectsController#index as HTML
  [1m[36m (0.1ms)[0m  [1mSELECT COUNT(*) FROM "projects"[0m
  [1m[35mProject Load (0.1ms)[0m  SELECT "projects".* FROM "projects"
  Rendered projects/index.html.erb within layouts/application (1.1ms)
Completed 200 OK in 27ms (Views: 26.1ms | ActiveRecord: 0.2ms)


Started GET "/projects" for 127.0.0.1 at 2015-07-21 10:51:17 -0400
Processing by ProjectsController#index as HTML
  [1m[36m (0.1ms)[0m  [1mSELECT COUNT(*) FROM "projects"[0m
  [1m[35mProject Load (0.1ms)[0m  SELECT "projects".* FROM "projects"
  Rendered projects/index.html.erb within layouts/application (1.1ms)
Completed 200 OK in 31ms (Views: 30.0ms | ActiveRecord: 0.2ms)


Started GET "/assets/layout-83cb30d0e927e00d3fb79dbe272a6203.css?body=1" for 127.0.0.1 at 2015-07-21 10:51:17 -0400


Started GET "/assets/application-04c73017e8fe2a985393c43bdd325659.css?body=1" for 127.0.0.1 at 2015-07-21 10:51:17 -0400


Started GET "/assets/application-5b392b6279ca7226f7d344c2c0cdbaa1.js?body=1" for 127.0.0.1 at 2015-07-21 10:51:17 -0400


Started GET "/assets/jquery-87424c3c19e96d4fb033c10ebe21ec40.js?body=1" for 127.0.0.1 at 2015-07-21 10:51:17 -0400


Started GET "/assets/jquery_ujs-e27bd20a10d28155845a22d71ef94f2f.js?body=1" for 127.0.0.1 at 2015-07-21 10:51:17 -0400


Started GET "/assets/projects-46c9a194bd0668e67d57241f94473dc8.js?body=1" for 127.0.0.1 at 2015-07-21 10:51:17 -0400


Started GET "/" for ::1 at 2015-08-03 14:14:03 -0700
  [1m[36mActiveRecord::SchemaMigration Load (0.5ms)[0m  [1mSELECT "schema_migrations".* FROM "schema_migrations"[0m
Processing by ProjectsController#index as HTML
  [1m[35m (0.5ms)[0m  SELECT COUNT(*) FROM "projects"
  [1m[36mProject Load (0.2ms)[0m  [1mSELECT "projects".* FROM "projects"[0m
  Rendered projects/index.html.erb within layouts/application (6.3ms)
Completed 200 OK in 278ms (Views: 245.2ms | ActiveRecord: 0.9ms)


Started GET "/assets/application-caadad48b686dabd91e70629c198d7ee.css?body=1" for ::1 at 2015-08-03 14:14:03 -0700


Started GET "/assets/projects-46c9a194bd0668e67d57241f94473dc8.js?body=1" for ::1 at 2015-08-03 14:14:03 -0700


Started GET "/assets/layout-f8391c6f6a367eb76e96fe1926ac6514.css?body=1" for ::1 at 2015-08-03 14:14:03 -0700


Started GET "/assets/application-5b392b6279ca7226f7d344c2c0cdbaa1.js?body=1" for ::1 at 2015-08-03 14:14:03 -0700


Started GET "/assets/jquery-87424c3c19e96d4fb033c10ebe21ec40.js?body=1" for ::1 at 2015-08-03 14:14:03 -0700


Started GET "/assets/jquery_ujs-e27bd20a10d28155845a22d71ef94f2f.js?body=1" for ::1 at 2015-08-03 14:14:03 -0700


Started GET "/" for ::1 at 2015-08-03 14:14:14 -0700
Processing by ProjectsController#index as HTML
  [1m[35m (0.3ms)[0m  SELECT COUNT(*) FROM "projects"
  [1m[36mProject Load (0.2ms)[0m  [1mSELECT "projects".* FROM "projects"[0m
  Rendered projects/index.html.erb within layouts/application (2.4ms)
Completed 200 OK in 47ms (Views: 44.5ms | ActiveRecord: 0.4ms)


Started GET "/assets/application-caadad48b686dabd91e70629c198d7ee.css?body=1" for ::1 at 2015-08-03 14:14:14 -0700


Started GET "/assets/layout-f8391c6f6a367eb76e96fe1926ac6514.css?body=1" for ::1 at 2015-08-03 14:14:14 -0700


Started GET "/assets/jquery_ujs-e27bd20a10d28155845a22d71ef94f2f.js?body=1" for ::1 at 2015-08-03 14:14:14 -0700


Started GET "/assets/application-5b392b6279ca7226f7d344c2c0cdbaa1.js?body=1" for ::1 at 2015-08-03 14:14:14 -0700


Started GET "/assets/jquery-87424c3c19e96d4fb033c10ebe21ec40.js?body=1" for ::1 at 2015-08-03 14:14:14 -0700


Started GET "/assets/projects-46c9a194bd0668e67d57241f94473dc8.js?body=1" for ::1 at 2015-08-03 14:14:14 -0700


Started GET "/projects/new" for ::1 at 2015-08-03 14:18:08 -0700
Processing by ProjectsController#new as HTML
  Rendered projects/_form.html.erb (57.9ms)
  Rendered projects/new.html.erb within layouts/application (77.8ms)
Completed 200 OK in 172ms (Views: 149.4ms | ActiveRecord: 1.2ms)


Started GET "/assets/application-caadad48b686dabd91e70629c198d7ee.css?body=1" for ::1 at 2015-08-03 14:18:08 -0700


Started GET "/assets/jquery-87424c3c19e96d4fb033c10ebe21ec40.js?body=1" for ::1 at 2015-08-03 14:18:08 -0700


Started GET "/assets/jquery_ujs-e27bd20a10d28155845a22d71ef94f2f.js?body=1" for ::1 at 2015-08-03 14:18:08 -0700


Started GET "/assets/projects-46c9a194bd0668e67d57241f94473dc8.js?body=1" for ::1 at 2015-08-03 14:18:08 -0700


Started GET "/assets/layout-f8391c6f6a367eb76e96fe1926ac6514.css?body=1" for ::1 at 2015-08-03 14:18:08 -0700


Started GET "/assets/application-5b392b6279ca7226f7d344c2c0cdbaa1.js?body=1" for ::1 at 2015-08-03 14:18:08 -0700


Started POST "/projects" for ::1 at 2015-08-03 14:18:16 -0700
Processing by ProjectsController#create as HTML
  Parameters: {"utf8"=>"✓", "authenticity_token"=>"Frf0TUvvdhHNB6h1IE1GXOlA6UQ5wVNux29lbV3WW92i2sgOHhIcXLo3nfgnpp5IFg+GVuHrLymgbCGfc2j/+g==", "project"=>{"title"=>"This is a test new project"}, "commit"=>"Create Project"}
  [1m[35m (0.3ms)[0m  begin transaction
  [1m[36mSQL (2.0ms)[0m  [1mINSERT INTO "projects" ("title", "created_at", "updated_at") VALUES (?, ?, ?)[0m  [["title", "This is a test new project"], ["created_at", "2015-08-03 21:18:16.154583"], ["updated_at", "2015-08-03 21:18:16.154583"]]
  [1m[35m (1.2ms)[0m  commit transaction
Redirected to http://localhost:3000/projects/13
Completed 302 Found in 18ms (ActiveRecord: 3.5ms)


Started GET "/projects/13" for ::1 at 2015-08-03 14:18:16 -0700
Processing by ProjectsController#show as HTML
  Parameters: {"id"=>"13"}
  [1m[36mProject Load (0.4ms)[0m  [1mSELECT  "projects".* FROM "projects" WHERE "projects"."id" = ? LIMIT 1[0m  [["id", 13]]
  [1m[35mItem Exists (0.5ms)[0m  SELECT  1 AS one FROM "items" WHERE "items"."project_id" = ? LIMIT 1  [["project_id", 13]]
  [1m[36mItem Load (0.2ms)[0m  [1mSELECT "items".* FROM "items" WHERE "items"."project_id" = ?[0m  [["project_id", 13]]
  Rendered items/_index.html.erb (58.0ms)
  Rendered projects/show.html.erb within layouts/application (62.5ms)
Completed 200 OK in 148ms (Views: 123.4ms | ActiveRecord: 1.4ms)


Started GET "/assets/application-caadad48b686dabd91e70629c198d7ee.css?body=1" for ::1 at 2015-08-03 14:18:16 -0700


Started GET "/assets/layout-f8391c6f6a367eb76e96fe1926ac6514.css?body=1" for ::1 at 2015-08-03 14:18:16 -0700


Started GET "/assets/jquery-87424c3c19e96d4fb033c10ebe21ec40.js?body=1" for ::1 at 2015-08-03 14:18:16 -0700


Started GET "/assets/jquery_ujs-e27bd20a10d28155845a22d71ef94f2f.js?body=1" for ::1 at 2015-08-03 14:18:16 -0700


Started GET "/assets/projects-46c9a194bd0668e67d57241f94473dc8.js?body=1" for ::1 at 2015-08-03 14:18:16 -0700


Started GET "/assets/application-5b392b6279ca7226f7d344c2c0cdbaa1.js?body=1" for ::1 at 2015-08-03 14:18:16 -0700


Started GET "/projects/13/edit" for ::1 at 2015-08-03 14:18:20 -0700
Processing by ProjectsController#edit as HTML
  Parameters: {"id"=>"13"}
  [1m[35mProject Load (0.2ms)[0m  SELECT  "projects".* FROM "projects" WHERE "projects"."id" = ? LIMIT 1  [["id", 13]]
  Rendered projects/_form.html.erb (3.9ms)
  Rendered projects/edit.html.erb within layouts/application (10.3ms)
Completed 200 OK in 102ms (Views: 100.4ms | ActiveRecord: 0.2ms)


Started GET "/assets/layout-f8391c6f6a367eb76e96fe1926ac6514.css?body=1" for ::1 at 2015-08-03 14:18:20 -0700


Started GET "/assets/application-5b392b6279ca7226f7d344c2c0cdbaa1.js?body=1" for ::1 at 2015-08-03 14:18:20 -0700


Started GET "/assets/projects-46c9a194bd0668e67d57241f94473dc8.js?body=1" for ::1 at 2015-08-03 14:18:20 -0700


Started GET "/assets/jquery-87424c3c19e96d4fb033c10ebe21ec40.js?body=1" for ::1 at 2015-08-03 14:18:20 -0700


Started GET "/assets/jquery_ujs-e27bd20a10d28155845a22d71ef94f2f.js?body=1" for ::1 at 2015-08-03 14:18:20 -0700


Started GET "/assets/application-caadad48b686dabd91e70629c198d7ee.css?body=1" for ::1 at 2015-08-03 14:18:20 -0700


Started PATCH "/projects/13" for ::1 at 2015-08-03 14:18:29 -0700
Processing by ProjectsController#update as HTML
  Parameters: {"utf8"=>"✓", "authenticity_token"=>"ZeEoeRhtq99Mt7cyUDDK0s7byTp+5wL52eA4Z9Jc99vRjBQ6TZDBkjuHgr9X2xLGMZSmKKbNfr6+43yV/OJT/A==", "project"=>{"title"=>"This is a test new project la dee dah"}, "commit"=>"Update Project", "id"=>"13"}
  [1m[36mProject Load (0.3ms)[0m  [1mSELECT  "projects".* FROM "projects" WHERE "projects"."id" = ? LIMIT 1[0m  [["id", 13]]
  [1m[35m (0.3ms)[0m  begin transaction
  [1m[36mSQL (0.4ms)[0m  [1mUPDATE "projects" SET "title" = ?, "updated_at" = ? WHERE "projects"."id" = ?[0m  [["title", "This is a test new project la dee dah"], ["updated_at", "2015-08-03 21:18:29.928689"], ["id", 13]]
  [1m[35m (0.8ms)[0m  commit transaction
Redirected to http://localhost:3000/projects/13
Completed 302 Found in 46ms (ActiveRecord: 1.7ms)


Started GET "/projects/13" for ::1 at 2015-08-03 14:18:29 -0700
Processing by ProjectsController#show as HTML
  Parameters: {"id"=>"13"}
  [1m[36mProject Load (0.3ms)[0m  [1mSELECT  "projects".* FROM "projects" WHERE "projects"."id" = ? LIMIT 1[0m  [["id", 13]]
  [1m[35mItem Exists (0.2ms)[0m  SELECT  1 AS one FROM "items" WHERE "items"."project_id" = ? LIMIT 1  [["project_id", 13]]
  [1m[36mItem Load (0.5ms)[0m  [1mSELECT "items".* FROM "items" WHERE "items"."project_id" = ?[0m  [["project_id", 13]]
  Rendered items/_index.html.erb (8.0ms)
  Rendered projects/show.html.erb within layouts/application (12.9ms)
Completed 200 OK in 72ms (Views: 69.7ms | ActiveRecord: 1.0ms)


Started GET "/assets/application-caadad48b686dabd91e70629c198d7ee.css?body=1" for ::1 at 2015-08-03 14:18:30 -0700


Started GET "/assets/layout-f8391c6f6a367eb76e96fe1926ac6514.css?body=1" for ::1 at 2015-08-03 14:18:30 -0700


Started GET "/assets/jquery_ujs-e27bd20a10d28155845a22d71ef94f2f.js?body=1" for ::1 at 2015-08-03 14:18:30 -0700


Started GET "/assets/application-5b392b6279ca7226f7d344c2c0cdbaa1.js?body=1" for ::1 at 2015-08-03 14:18:30 -0700


Started GET "/assets/jquery-87424c3c19e96d4fb033c10ebe21ec40.js?body=1" for ::1 at 2015-08-03 14:18:30 -0700


Started GET "/assets/projects-46c9a194bd0668e67d57241f94473dc8.js?body=1" for ::1 at 2015-08-03 14:18:30 -0700


Started GET "/projects" for ::1 at 2015-08-03 14:18:31 -0700
Processing by ProjectsController#index as HTML
  [1m[35m (0.1ms)[0m  SELECT COUNT(*) FROM "projects"
  [1m[36mProject Load (0.1ms)[0m  [1mSELECT "projects".* FROM "projects"[0m
  Rendered projects/index.html.erb within layouts/application (2.3ms)
Completed 200 OK in 75ms (Views: 72.9ms | ActiveRecord: 0.3ms)


Started GET "/assets/layout-f8391c6f6a367eb76e96fe1926ac6514.css?body=1" for ::1 at 2015-08-03 14:18:31 -0700


Started GET "/assets/projects-46c9a194bd0668e67d57241f94473dc8.js?body=1" for ::1 at 2015-08-03 14:18:31 -0700


Started GET "/assets/jquery-87424c3c19e96d4fb033c10ebe21ec40.js?body=1" for ::1 at 2015-08-03 14:18:31 -0700


Started GET "/assets/jquery_ujs-e27bd20a10d28155845a22d71ef94f2f.js?body=1" for ::1 at 2015-08-03 14:18:31 -0700


Started GET "/assets/application-5b392b6279ca7226f7d344c2c0cdbaa1.js?body=1" for ::1 at 2015-08-03 14:18:31 -0700


Started GET "/assets/application-caadad48b686dabd91e70629c198d7ee.css?body=1" for ::1 at 2015-08-03 14:18:31 -0700


Started GET "/projects/new" for ::1 at 2015-08-03 14:18:35 -0700
Processing by ProjectsController#new as HTML
  Rendered projects/_form.html.erb (3.0ms)
  Rendered projects/new.html.erb within layouts/application (7.8ms)
Completed 200 OK in 71ms (Views: 69.9ms | ActiveRecord: 0.0ms)


Started GET "/assets/layout-f8391c6f6a367eb76e96fe1926ac6514.css?body=1" for ::1 at 2015-08-03 14:18:35 -0700


Started GET "/assets/jquery-87424c3c19e96d4fb033c10ebe21ec40.js?body=1" for ::1 at 2015-08-03 14:18:35 -0700


Started GET "/assets/jquery_ujs-e27bd20a10d28155845a22d71ef94f2f.js?body=1" for ::1 at 2015-08-03 14:18:35 -0700


Started GET "/assets/application-5b392b6279ca7226f7d344c2c0cdbaa1.js?body=1" for ::1 at 2015-08-03 14:18:35 -0700


Started GET "/assets/projects-46c9a194bd0668e67d57241f94473dc8.js?body=1" for ::1 at 2015-08-03 14:18:35 -0700


Started GET "/assets/application-caadad48b686dabd91e70629c198d7ee.css?body=1" for ::1 at 2015-08-03 14:18:35 -0700


Started GET "/projects" for ::1 at 2015-08-03 14:18:37 -0700
Processing by ProjectsController#index as HTML
  [1m[35m (0.1ms)[0m  SELECT COUNT(*) FROM "projects"
  [1m[36mProject Load (0.3ms)[0m  [1mSELECT "projects".* FROM "projects"[0m
  Rendered projects/index.html.erb within layouts/application (2.1ms)
Completed 200 OK in 57ms (Views: 55.5ms | ActiveRecord: 0.4ms)


Started GET "/assets/layout-f8391c6f6a367eb76e96fe1926ac6514.css?body=1" for ::1 at 2015-08-03 14:18:37 -0700


Started GET "/assets/application-caadad48b686dabd91e70629c198d7ee.css?body=1" for ::1 at 2015-08-03 14:18:37 -0700


Started GET "/assets/jquery-87424c3c19e96d4fb033c10ebe21ec40.js?body=1" for ::1 at 2015-08-03 14:18:37 -0700


Started GET "/assets/jquery_ujs-e27bd20a10d28155845a22d71ef94f2f.js?body=1" for ::1 at 2015-08-03 14:18:37 -0700


Started GET "/assets/projects-46c9a194bd0668e67d57241f94473dc8.js?body=1" for ::1 at 2015-08-03 14:18:37 -0700


Started GET "/assets/application-5b392b6279ca7226f7d344c2c0cdbaa1.js?body=1" for ::1 at 2015-08-03 14:18:37 -0700


Started GET "/projects/13" for ::1 at 2015-08-03 14:18:38 -0700
Processing by ProjectsController#show as HTML
  Parameters: {"id"=>"13"}
  [1m[35mProject Load (0.2ms)[0m  SELECT  "projects".* FROM "projects" WHERE "projects"."id" = ? LIMIT 1  [["id", 13]]
  [1m[36mItem Exists (0.1ms)[0m  [1mSELECT  1 AS one FROM "items" WHERE "items"."project_id" = ? LIMIT 1[0m  [["project_id", 13]]
  [1m[35mItem Load (0.1ms)[0m  SELECT "items".* FROM "items" WHERE "items"."project_id" = ?  [["project_id", 13]]
  Rendered items/_index.html.erb (2.6ms)
  Rendered projects/show.html.erb within layouts/application (5.9ms)
Completed 200 OK in 55ms (Views: 52.8ms | ActiveRecord: 0.4ms)


Started GET "/assets/application-caadad48b686dabd91e70629c198d7ee.css?body=1" for ::1 at 2015-08-03 14:18:38 -0700


Started GET "/assets/layout-f8391c6f6a367eb76e96fe1926ac6514.css?body=1" for ::1 at 2015-08-03 14:18:38 -0700


Started GET "/assets/jquery-87424c3c19e96d4fb033c10ebe21ec40.js?body=1" for ::1 at 2015-08-03 14:18:38 -0700


Started GET "/assets/projects-46c9a194bd0668e67d57241f94473dc8.js?body=1" for ::1 at 2015-08-03 14:18:38 -0700


Started GET "/assets/application-5b392b6279ca7226f7d344c2c0cdbaa1.js?body=1" for ::1 at 2015-08-03 14:18:38 -0700


Started GET "/assets/jquery_ujs-e27bd20a10d28155845a22d71ef94f2f.js?body=1" for ::1 at 2015-08-03 14:18:38 -0700


Started GET "/projects/13/edit" for ::1 at 2015-08-03 14:18:41 -0700
Processing by ProjectsController#edit as HTML
  Parameters: {"id"=>"13"}
  [1m[36mProject Load (0.2ms)[0m  [1mSELECT  "projects".* FROM "projects" WHERE "projects"."id" = ? LIMIT 1[0m  [["id", 13]]
  Rendered projects/_form.html.erb (1.6ms)
  Rendered projects/edit.html.erb within layouts/application (4.5ms)
Completed 200 OK in 56ms (Views: 53.8ms | ActiveRecord: 0.2ms)


Started GET "/assets/application-caadad48b686dabd91e70629c198d7ee.css?body=1" for ::1 at 2015-08-03 14:18:42 -0700


Started GET "/assets/layout-f8391c6f6a367eb76e96fe1926ac6514.css?body=1" for ::1 at 2015-08-03 14:18:42 -0700


Started GET "/assets/projects-46c9a194bd0668e67d57241f94473dc8.js?body=1" for ::1 at 2015-08-03 14:18:42 -0700


Started GET "/assets/jquery_ujs-e27bd20a10d28155845a22d71ef94f2f.js?body=1" for ::1 at 2015-08-03 14:18:42 -0700


Started GET "/assets/application-5b392b6279ca7226f7d344c2c0cdbaa1.js?body=1" for ::1 at 2015-08-03 14:18:42 -0700


Started GET "/assets/jquery-87424c3c19e96d4fb033c10ebe21ec40.js?body=1" for ::1 at 2015-08-03 14:18:42 -0700


Started PATCH "/projects/13" for ::1 at 2015-08-03 14:18:58 -0700
Processing by ProjectsController#update as HTML
  Parameters: {"utf8"=>"✓", "authenticity_token"=>"WISEHM64iOk9kj031eO1hNvwnFzenLPNu/TfkVaZatPs6bhfm0XipEqiCLrSCG2QJL/zTga2z4rc95tjeCfO9A==", "project"=>{"title"=>"My Phishme Homework Project #1"}, "commit"=>"Update Project", "id"=>"13"}
  [1m[35mProject Load (0.2ms)[0m  SELECT  "projects".* FROM "projects" WHERE "projects"."id" = ? LIMIT 1  [["id", 13]]
  [1m[36m (0.2ms)[0m  [1mbegin transaction[0m
  [1m[35mSQL (0.4ms)[0m  UPDATE "projects" SET "title" = ?, "updated_at" = ? WHERE "projects"."id" = ?  [["title", "My Phishme Homework Project #1"], ["updated_at", "2015-08-03 21:18:58.685112"], ["id", 13]]
  [1m[36m (1.1ms)[0m  [1mcommit transaction[0m
Redirected to http://localhost:3000/projects/13
Completed 302 Found in 9ms (ActiveRecord: 1.9ms)


Started GET "/projects/13" for ::1 at 2015-08-03 14:18:58 -0700
Processing by ProjectsController#show as HTML
  Parameters: {"id"=>"13"}
  [1m[35mProject Load (0.2ms)[0m  SELECT  "projects".* FROM "projects" WHERE "projects"."id" = ? LIMIT 1  [["id", 13]]
  [1m[36mItem Exists (0.1ms)[0m  [1mSELECT  1 AS one FROM "items" WHERE "items"."project_id" = ? LIMIT 1[0m  [["project_id", 13]]
  [1m[35mItem Load (0.1ms)[0m  SELECT "items".* FROM "items" WHERE "items"."project_id" = ?  [["project_id", 13]]
  Rendered items/_index.html.erb (3.1ms)
  Rendered projects/show.html.erb within layouts/application (6.4ms)
Completed 200 OK in 66ms (Views: 64.4ms | ActiveRecord: 0.3ms)


Started GET "/assets/application-caadad48b686dabd91e70629c198d7ee.css?body=1" for ::1 at 2015-08-03 14:18:58 -0700


Started GET "/assets/layout-f8391c6f6a367eb76e96fe1926ac6514.css?body=1" for ::1 at 2015-08-03 14:18:58 -0700


Started GET "/assets/jquery-87424c3c19e96d4fb033c10ebe21ec40.js?body=1" for ::1 at 2015-08-03 14:18:58 -0700


Started GET "/assets/application-5b392b6279ca7226f7d344c2c0cdbaa1.js?body=1" for ::1 at 2015-08-03 14:18:58 -0700


Started GET "/assets/projects-46c9a194bd0668e67d57241f94473dc8.js?body=1" for ::1 at 2015-08-03 14:18:58 -0700


Started GET "/assets/jquery_ujs-e27bd20a10d28155845a22d71ef94f2f.js?body=1" for ::1 at 2015-08-03 14:18:58 -0700


Started GET "/projects/13/items/new" for ::1 at 2015-08-03 14:19:01 -0700
Processing by ItemsController#new as HTML
  Parameters: {"project_id"=>"13"}
  [1m[36mProject Load (0.2ms)[0m  [1mSELECT  "projects".* FROM "projects" WHERE "projects"."id" = ? LIMIT 1[0m  [["id", 13]]
  Rendered items/new.html.erb within layouts/application (8.9ms)
Completed 200 OK in 87ms (Views: 69.0ms | ActiveRecord: 0.3ms)


Started GET "/assets/application-caadad48b686dabd91e70629c198d7ee.css?body=1" for ::1 at 2015-08-03 14:19:01 -0700


Started GET "/assets/application-5b392b6279ca7226f7d344c2c0cdbaa1.js?body=1" for ::1 at 2015-08-03 14:19:01 -0700


Started GET "/assets/layout-f8391c6f6a367eb76e96fe1926ac6514.css?body=1" for ::1 at 2015-08-03 14:19:01 -0700


Started GET "/assets/projects-46c9a194bd0668e67d57241f94473dc8.js?body=1" for ::1 at 2015-08-03 14:19:01 -0700


Started GET "/assets/jquery_ujs-e27bd20a10d28155845a22d71ef94f2f.js?body=1" for ::1 at 2015-08-03 14:19:01 -0700


Started GET "/assets/jquery-87424c3c19e96d4fb033c10ebe21ec40.js?body=1" for ::1 at 2015-08-03 14:19:01 -0700


Started POST "/projects/13/items" for ::1 at 2015-08-03 14:19:08 -0700
Processing by ItemsController#create as HTML
  Parameters: {"utf8"=>"✓", "authenticity_token"=>"I+mzUaomkIKUCn8cJfzCvOyY4HdNC68gg1DJcXyXWUCXhI8S/9v6z+M6SpEiFxqoE9ePZZUh02fkU42DUin9Zw==", "item"=>{"action"=>"Install ruby"}, "commit"=>"Create Item", "project_id"=>"13"}
  [1m[35mProject Load (0.1ms)[0m  SELECT  "projects".* FROM "projects" WHERE "projects"."id" = ? LIMIT 1  [["id", 13]]
  [1m[36m (0.1ms)[0m  [1mbegin transaction[0m
  [1m[35mItem Exists (0.1ms)[0m  SELECT  1 AS one FROM "items" WHERE ("items"."action" = 'Install ruby' AND "items"."project_id" = 13) LIMIT 1
  [1m[36mSQL (0.7ms)[0m  [1mINSERT INTO "items" ("action", "project_id", "created_at", "updated_at") VALUES (?, ?, ?, ?)[0m  [["action", "Install ruby"], ["project_id", 13], ["created_at", "2015-08-03 21:19:08.895382"], ["updated_at", "2015-08-03 21:19:08.895382"]]
  [1m[35m (1.0ms)[0m  commit transaction
Redirected to http://localhost:3000/projects/13
Completed 302 Found in 8ms (ActiveRecord: 2.0ms)


Started GET "/projects/13" for ::1 at 2015-08-03 14:19:08 -0700
Processing by ProjectsController#show as HTML
  Parameters: {"id"=>"13"}
  [1m[36mProject Load (0.2ms)[0m  [1mSELECT  "projects".* FROM "projects" WHERE "projects"."id" = ? LIMIT 1[0m  [["id", 13]]
  [1m[35mItem Exists (0.1ms)[0m  SELECT  1 AS one FROM "items" WHERE "items"."project_id" = ? LIMIT 1  [["project_id", 13]]
  [1m[36mItem Load (0.1ms)[0m  [1mSELECT "items".* FROM "items" WHERE "items"."project_id" = ?[0m  [["project_id", 13]]
  Rendered items/_index.html.erb (3.9ms)
  Rendered projects/show.html.erb within layouts/application (8.3ms)
Completed 200 OK in 65ms (Views: 63.6ms | ActiveRecord: 0.4ms)


Started GET "/assets/layout-f8391c6f6a367eb76e96fe1926ac6514.css?body=1" for ::1 at 2015-08-03 14:19:09 -0700


Started GET "/assets/application-caadad48b686dabd91e70629c198d7ee.css?body=1" for ::1 at 2015-08-03 14:19:09 -0700


Started GET "/assets/application-5b392b6279ca7226f7d344c2c0cdbaa1.js?body=1" for ::1 at 2015-08-03 14:19:09 -0700


Started GET "/assets/projects-46c9a194bd0668e67d57241f94473dc8.js?body=1" for ::1 at 2015-08-03 14:19:09 -0700


Started GET "/assets/jquery-87424c3c19e96d4fb033c10ebe21ec40.js?body=1" for ::1 at 2015-08-03 14:19:09 -0700


Started GET "/assets/jquery_ujs-e27bd20a10d28155845a22d71ef94f2f.js?body=1" for ::1 at 2015-08-03 14:19:09 -0700


Started GET "/projects/13/items/new" for ::1 at 2015-08-03 14:19:10 -0700
Processing by ItemsController#new as HTML
  Parameters: {"project_id"=>"13"}
  [1m[35mProject Load (0.2ms)[0m  SELECT  "projects".* FROM "projects" WHERE "projects"."id" = ? LIMIT 1  [["id", 13]]
  Rendered items/new.html.erb within layouts/application (2.3ms)
Completed 200 OK in 59ms (Views: 55.7ms | ActiveRecord: 0.2ms)


Started GET "/assets/layout-f8391c6f6a367eb76e96fe1926ac6514.css?body=1" for ::1 at 2015-08-03 14:19:10 -0700


Started GET "/assets/application-5b392b6279ca7226f7d344c2c0cdbaa1.js?body=1" for ::1 at 2015-08-03 14:19:10 -0700


Started GET "/assets/application-caadad48b686dabd91e70629c198d7ee.css?body=1" for ::1 at 2015-08-03 14:19:10 -0700


Started GET "/assets/jquery_ujs-e27bd20a10d28155845a22d71ef94f2f.js?body=1" for ::1 at 2015-08-03 14:19:10 -0700


Started GET "/assets/projects-46c9a194bd0668e67d57241f94473dc8.js?body=1" for ::1 at 2015-08-03 14:19:10 -0700


Started GET "/assets/jquery-87424c3c19e96d4fb033c10ebe21ec40.js?body=1" for ::1 at 2015-08-03 14:19:10 -0700


Started POST "/projects/13/items" for ::1 at 2015-08-03 14:19:17 -0700
Processing by ItemsController#create as HTML
  Parameters: {"utf8"=>"✓", "authenticity_token"=>"K/FLXBBi5HvAsqHRJd2KREXj3g1Q56ZZhF30Kw7uPemfnHcfRZ+ONreClFwiNlJQuqyxH4jN2h7jXrDZIFCZzg==", "item"=>{"action"=>"Install railes"}, "commit"=>"Create Item", "project_id"=>"13"}
  [1m[36mProject Load (0.2ms)[0m  [1mSELECT  "projects".* FROM "projects" WHERE "projects"."id" = ? LIMIT 1[0m  [["id", 13]]
  [1m[35m (0.1ms)[0m  begin transaction
  [1m[36mItem Exists (0.2ms)[0m  [1mSELECT  1 AS one FROM "items" WHERE ("items"."action" = 'Install railes' AND "items"."project_id" = 13) LIMIT 1[0m
  [1m[35mSQL (0.2ms)[0m  INSERT INTO "items" ("action", "project_id", "created_at", "updated_at") VALUES (?, ?, ?, ?)  [["action", "Install railes"], ["project_id", 13], ["created_at", "2015-08-03 21:19:17.243329"], ["updated_at", "2015-08-03 21:19:17.243329"]]
  [1m[36m (1.0ms)[0m  [1mcommit transaction[0m
Redirected to http://localhost:3000/projects/13
Completed 302 Found in 9ms (ActiveRecord: 1.7ms)


Started GET "/projects/13" for ::1 at 2015-08-03 14:19:17 -0700
Processing by ProjectsController#show as HTML
  Parameters: {"id"=>"13"}
  [1m[35mProject Load (0.1ms)[0m  SELECT  "projects".* FROM "projects" WHERE "projects"."id" = ? LIMIT 1  [["id", 13]]
  [1m[36mItem Exists (0.2ms)[0m  [1mSELECT  1 AS one FROM "items" WHERE "items"."project_id" = ? LIMIT 1[0m  [["project_id", 13]]
  [1m[35mItem Load (0.2ms)[0m  SELECT "items".* FROM "items" WHERE "items"."project_id" = ?  [["project_id", 13]]
  Rendered items/_index.html.erb (4.8ms)
  Rendered projects/show.html.erb within layouts/application (7.3ms)
Completed 200 OK in 47ms (Views: 45.8ms | ActiveRecord: 0.5ms)


Started GET "/assets/application-caadad48b686dabd91e70629c198d7ee.css?body=1" for ::1 at 2015-08-03 14:19:17 -0700


Started GET "/assets/jquery_ujs-e27bd20a10d28155845a22d71ef94f2f.js?body=1" for ::1 at 2015-08-03 14:19:17 -0700


Started GET "/assets/jquery-87424c3c19e96d4fb033c10ebe21ec40.js?body=1" for ::1 at 2015-08-03 14:19:17 -0700


Started GET "/assets/application-5b392b6279ca7226f7d344c2c0cdbaa1.js?body=1" for ::1 at 2015-08-03 14:19:17 -0700


Started GET "/assets/layout-f8391c6f6a367eb76e96fe1926ac6514.css?body=1" for ::1 at 2015-08-03 14:19:17 -0700


Started GET "/assets/projects-46c9a194bd0668e67d57241f94473dc8.js?body=1" for ::1 at 2015-08-03 14:19:17 -0700


Started GET "/projects/13/items/9/edit" for ::1 at 2015-08-03 14:19:18 -0700
Processing by ItemsController#edit as HTML
  Parameters: {"project_id"=>"13", "id"=>"9"}
  [1m[36mProject Load (0.1ms)[0m  [1mSELECT  "projects".* FROM "projects" WHERE "projects"."id" = ? LIMIT 1[0m  [["id", 13]]
  [1m[35mItem Load (0.3ms)[0m  SELECT  "items".* FROM "items" WHERE "items"."project_id" = ? AND "items"."id" = ? LIMIT 1  [["project_id", 13], ["id", 9]]
  Rendered items/edit.html.erb within layouts/application (6.9ms)
Completed 200 OK in 73ms (Views: 69.1ms | ActiveRecord: 0.4ms)


Started GET "/assets/layout-f8391c6f6a367eb76e96fe1926ac6514.css?body=1" for ::1 at 2015-08-03 14:19:18 -0700


Started GET "/assets/application-5b392b6279ca7226f7d344c2c0cdbaa1.js?body=1" for ::1 at 2015-08-03 14:19:18 -0700


Started GET "/assets/application-caadad48b686dabd91e70629c198d7ee.css?body=1" for ::1 at 2015-08-03 14:19:18 -0700


Started GET "/assets/jquery-87424c3c19e96d4fb033c10ebe21ec40.js?body=1" for ::1 at 2015-08-03 14:19:18 -0700


Started GET "/assets/jquery_ujs-e27bd20a10d28155845a22d71ef94f2f.js?body=1" for ::1 at 2015-08-03 14:19:18 -0700


Started GET "/assets/projects-46c9a194bd0668e67d57241f94473dc8.js?body=1" for ::1 at 2015-08-03 14:19:18 -0700


Started PATCH "/projects/13/items/9" for ::1 at 2015-08-03 14:19:22 -0700
Processing by ItemsController#update as HTML
  Parameters: {"utf8"=>"✓", "authenticity_token"=>"pc438zf5dsqU3OLhxlYBxY6fPZyouBkGSuxfuAKMsZQRowuwYgQch+Ps12zBvdnRcdBSjnCSZUEt7xtKLDIVsw==", "item"=>{"action"=>"Install rails", "done"=>"0"}, "commit"=>"Update Item", "project_id"=>"13", "id"=>"9"}
  [1m[36mProject Load (0.6ms)[0m  [1mSELECT  "projects".* FROM "projects" WHERE "projects"."id" = ? LIMIT 1[0m  [["id", 13]]
  [1m[35mItem Load (0.2ms)[0m  SELECT  "items".* FROM "items" WHERE "items"."project_id" = ? AND "items"."id" = ? LIMIT 1  [["project_id", 13], ["id", 9]]
  [1m[36m (0.1ms)[0m  [1mbegin transaction[0m
  [1m[35mItem Exists (0.2ms)[0m  SELECT  1 AS one FROM "items" WHERE ("items"."action" = 'Install rails' AND "items"."id" != 9 AND "items"."project_id" = 13) LIMIT 1
  [1m[36mSQL (0.6ms)[0m  [1mUPDATE "items" SET "action" = ?, "updated_at" = ? WHERE "items"."id" = ?[0m  [["action", "Install rails"], ["updated_at", "2015-08-03 21:19:22.457292"], ["id", 9]]
  [1m[35m (1.3ms)[0m  commit transaction
Redirected to http://localhost:3000/projects/13
Completed 302 Found in 16ms (ActiveRecord: 3.0ms)


Started GET "/projects/13" for ::1 at 2015-08-03 14:19:22 -0700
Processing by ProjectsController#show as HTML
  Parameters: {"id"=>"13"}
  [1m[36mProject Load (0.2ms)[0m  [1mSELECT  "projects".* FROM "projects" WHERE "projects"."id" = ? LIMIT 1[0m  [["id", 13]]
  [1m[35mItem Exists (0.1ms)[0m  SELECT  1 AS one FROM "items" WHERE "items"."project_id" = ? LIMIT 1  [["project_id", 13]]
  [1m[36mItem Load (0.1ms)[0m  [1mSELECT "items".* FROM "items" WHERE "items"."project_id" = ?[0m  [["project_id", 13]]
  Rendered items/_index.html.erb (3.7ms)
  Rendered projects/show.html.erb within layouts/application (6.7ms)
Completed 200 OK in 51ms (Views: 48.5ms | ActiveRecord: 0.3ms)


Started GET "/assets/application-caadad48b686dabd91e70629c198d7ee.css?body=1" for ::1 at 2015-08-03 14:19:22 -0700


Started GET "/assets/layout-f8391c6f6a367eb76e96fe1926ac6514.css?body=1" for ::1 at 2015-08-03 14:19:22 -0700


Started GET "/assets/jquery-87424c3c19e96d4fb033c10ebe21ec40.js?body=1" for ::1 at 2015-08-03 14:19:22 -0700


Started GET "/assets/application-5b392b6279ca7226f7d344c2c0cdbaa1.js?body=1" for ::1 at 2015-08-03 14:19:22 -0700


Started GET "/assets/jquery_ujs-e27bd20a10d28155845a22d71ef94f2f.js?body=1" for ::1 at 2015-08-03 14:19:22 -0700


Started GET "/assets/projects-46c9a194bd0668e67d57241f94473dc8.js?body=1" for ::1 at 2015-08-03 14:19:22 -0700


Started GET "/projects/13/items/new" for ::1 at 2015-08-03 14:19:23 -0700
Processing by ItemsController#new as HTML
  Parameters: {"project_id"=>"13"}
  [1m[35mProject Load (0.2ms)[0m  SELECT  "projects".* FROM "projects" WHERE "projects"."id" = ? LIMIT 1  [["id", 13]]
  Rendered items/new.html.erb within layouts/application (1.4ms)
Completed 200 OK in 48ms (Views: 45.5ms | ActiveRecord: 0.2ms)


Started GET "/assets/layout-f8391c6f6a367eb76e96fe1926ac6514.css?body=1" for ::1 at 2015-08-03 14:19:23 -0700


Started GET "/assets/application-5b392b6279ca7226f7d344c2c0cdbaa1.js?body=1" for ::1 at 2015-08-03 14:19:23 -0700


Started GET "/assets/application-caadad48b686dabd91e70629c198d7ee.css?body=1" for ::1 at 2015-08-03 14:19:23 -0700


Started GET "/assets/jquery_ujs-e27bd20a10d28155845a22d71ef94f2f.js?body=1" for ::1 at 2015-08-03 14:19:23 -0700


Started GET "/assets/projects-46c9a194bd0668e67d57241f94473dc8.js?body=1" for ::1 at 2015-08-03 14:19:23 -0700


Started GET "/assets/jquery-87424c3c19e96d4fb033c10ebe21ec40.js?body=1" for ::1 at 2015-08-03 14:19:23 -0700


Started POST "/projects/13/items" for ::1 at 2015-08-03 14:19:42 -0700
Processing by ItemsController#create as HTML
  Parameters: {"utf8"=>"✓", "authenticity_token"=>"7QfBPS+hPSh2toAwSBVEnv2NJhVbiE/TkLDfTx4l9vhZav1+elxXZQGGtb1P/pyKAsJJB4OiM5T3s5u9MJtS3w==", "item"=>{"action"=>"Create github repo for your project with original work being the master"}, "commit"=>"Create Item", "project_id"=>"13"}
  [1m[36mProject Load (0.5ms)[0m  [1mSELECT  "projects".* FROM "projects" WHERE "projects"."id" = ? LIMIT 1[0m  [["id", 13]]
  [1m[35m (0.1ms)[0m  begin transaction
  [1m[36mItem Exists (0.2ms)[0m  [1mSELECT  1 AS one FROM "items" WHERE ("items"."action" = 'Create github repo for your project with original work being the master' AND "items"."project_id" = 13) LIMIT 1[0m
  [1m[35mSQL (0.3ms)[0m  INSERT INTO "items" ("action", "project_id", "created_at", "updated_at") VALUES (?, ?, ?, ?)  [["action", "Create github repo for your project with original work being the master"], ["project_id", 13], ["created_at", "2015-08-03 21:19:42.501031"], ["updated_at", "2015-08-03 21:19:42.501031"]]
  [1m[36m (1.1ms)[0m  [1mcommit transaction[0m
Redirected to http://localhost:3000/projects/13
Completed 302 Found in 8ms (ActiveRecord: 2.0ms)


Started GET "/projects/13" for ::1 at 2015-08-03 14:19:42 -0700
Processing by ProjectsController#show as HTML
  Parameters: {"id"=>"13"}
  [1m[35mProject Load (0.2ms)[0m  SELECT  "projects".* FROM "projects" WHERE "projects"."id" = ? LIMIT 1  [["id", 13]]
  [1m[36mItem Exists (0.2ms)[0m  [1mSELECT  1 AS one FROM "items" WHERE "items"."project_id" = ? LIMIT 1[0m  [["project_id", 13]]
  [1m[35mItem Load (0.1ms)[0m  SELECT "items".* FROM "items" WHERE "items"."project_id" = ?  [["project_id", 13]]
  Rendered items/_index.html.erb (5.8ms)
  Rendered projects/show.html.erb within layouts/application (9.3ms)
Completed 200 OK in 60ms (Views: 57.8ms | ActiveRecord: 0.5ms)


Started GET "/assets/application-caadad48b686dabd91e70629c198d7ee.css?body=1" for ::1 at 2015-08-03 14:19:42 -0700


Started GET "/assets/jquery-87424c3c19e96d4fb033c10ebe21ec40.js?body=1" for ::1 at 2015-08-03 14:19:42 -0700


Started GET "/assets/application-5b392b6279ca7226f7d344c2c0cdbaa1.js?body=1" for ::1 at 2015-08-03 14:19:42 -0700


Started GET "/assets/jquery_ujs-e27bd20a10d28155845a22d71ef94f2f.js?body=1" for ::1 at 2015-08-03 14:19:42 -0700


Started GET "/assets/projects-46c9a194bd0668e67d57241f94473dc8.js?body=1" for ::1 at 2015-08-03 14:19:42 -0700


Started GET "/assets/layout-f8391c6f6a367eb76e96fe1926ac6514.css?body=1" for ::1 at 2015-08-03 14:19:42 -0700


Started GET "/" for ::1 at 2015-08-12 16:08:48 -0700
  [1m[36mActiveRecord::SchemaMigration Load (0.5ms)[0m  [1mSELECT "schema_migrations".* FROM "schema_migrations"[0m
Processing by ProjectsController#index as HTML
  [1m[35m (0.4ms)[0m  SELECT COUNT(*) FROM "projects"
  [1m[36mProject Load (0.1ms)[0m  [1mSELECT "projects".* FROM "projects"[0m
  Rendered projects/index.html.erb within layouts/application (8.6ms)
Completed 200 OK in 144ms (Views: 120.9ms | ActiveRecord: 1.0ms)


Started GET "/assets/projects-46c9a194bd0668e67d57241f94473dc8.js?body=1" for ::1 at 2015-08-12 16:08:49 -0700


Started GET "/assets/application-caadad48b686dabd91e70629c198d7ee.css?body=1" for ::1 at 2015-08-12 16:08:49 -0700


Started GET "/assets/jquery_ujs-e27bd20a10d28155845a22d71ef94f2f.js?body=1" for ::1 at 2015-08-12 16:08:49 -0700


Started GET "/assets/application-5b392b6279ca7226f7d344c2c0cdbaa1.js?body=1" for ::1 at 2015-08-12 16:08:49 -0700


Started GET "/assets/layout-f8391c6f6a367eb76e96fe1926ac6514.css?body=1" for ::1 at 2015-08-12 16:08:49 -0700


Started GET "/assets/jquery-87424c3c19e96d4fb033c10ebe21ec40.js?body=1" for ::1 at 2015-08-12 16:08:49 -0700


Started GET "/" for ::1 at 2015-08-12 21:22:02 -0700
Processing by ProjectsController#index as HTML
  [1m[35m (5.7ms)[0m  SELECT COUNT(*) FROM "projects"
  [1m[36mProject Load (0.3ms)[0m  [1mSELECT "projects".* FROM "projects"[0m
  Rendered projects/index.html.erb within layouts/application (30.3ms)
Completed 200 OK in 153ms (Views: 126.9ms | ActiveRecord: 6.0ms)


Started GET "/assets/layout-f8391c6f6a367eb76e96fe1926ac6514.css?body=1" for ::1 at 2015-08-12 21:22:02 -0700


Started GET "/assets/application-caadad48b686dabd91e70629c198d7ee.css?body=1" for ::1 at 2015-08-12 21:22:02 -0700


Started GET "/assets/jquery_ujs-e27bd20a10d28155845a22d71ef94f2f.js?body=1" for ::1 at 2015-08-12 21:22:02 -0700


Started GET "/assets/application-5b392b6279ca7226f7d344c2c0cdbaa1.js?body=1" for ::1 at 2015-08-12 21:22:02 -0700


Started GET "/assets/projects-46c9a194bd0668e67d57241f94473dc8.js?body=1" for ::1 at 2015-08-12 21:22:02 -0700


Started GET "/assets/jquery-87424c3c19e96d4fb033c10ebe21ec40.js?body=1" for ::1 at 2015-08-12 21:22:02 -0700
